[0m[[0m[0minfo[0m] [0m[0m[32mSingleCycleRTypeTesterLab1:[0m[0m
[0m[[0m[0minfo[0m] [0m[0m[32mSingle Cycle CPU[0m[0m
[0m[[0m[0minfo[0m] [0m[0m[31m- should run R-type instruction or *** FAILED ***[0m[0m
[0m[[0m[0minfo[0m] [0m[0m[31m  false was not true (Lab1Test.scala:136)[0m[0m
[0m[[0m[0minfo[0m] [0m[0m[31m- should run R-type instruction sub *** FAILED ***[0m[0m
[0m[[0m[0minfo[0m] [0m[0m[31m  false was not true (Lab1Test.scala:136)[0m[0m
[0m[[0m[0minfo[0m] [0m[0m[31m- should run R-type instruction and *** FAILED ***[0m[0m
[0m[[0m[0minfo[0m] [0m[0m[31m  false was not true (Lab1Test.scala:136)[0m[0m
[0m[[0m[0minfo[0m] [0m[0m[31m- should run R-type instruction xor *** FAILED ***[0m[0m
[0m[[0m[0minfo[0m] [0m[0m[31m  false was not true (Lab1Test.scala:136)[0m[0m
[0m[[0m[0minfo[0m] [0m[0m[31m- should run R-type instruction slt *** FAILED ***[0m[0m
[0m[[0m[0minfo[0m] [0m[0m[31m  false was not true (Lab1Test.scala:136)[0m[0m
[0m[[0m[0minfo[0m] [0m[0m[31m- should run R-type instruction slt1 *** FAILED ***[0m[0m
[0m[[0m[0minfo[0m] [0m[0m[31m  false was not true (Lab1Test.scala:136)[0m[0m
[0m[[0m[0minfo[0m] [0m[0m[32m- should run R-type instruction sltu[0m[0m
[0m[[0m[0minfo[0m] [0m[0m[31m- should run R-type instruction sltu1 *** FAILED ***[0m[0m
[0m[[0m[0minfo[0m] [0m[0m[31m  false was not true (Lab1Test.scala:136)[0m[0m
[0m[[0m[0minfo[0m] [0m[0m[31m- should run R-type instruction sll *** FAILED ***[0m[0m
[0m[[0m[0minfo[0m] [0m[0m[31m  false was not true (Lab1Test.scala:136)[0m[0m
[0m[[0m[0minfo[0m] [0m[0m[31m- should run R-type instruction srl *** FAILED ***[0m[0m
[0m[[0m[0minfo[0m] [0m[0m[31m  false was not true (Lab1Test.scala:136)[0m[0m
[0m[[0m[0minfo[0m] [0m[0m[31m- should run R-type instruction sra *** FAILED ***[0m[0m
[0m[[0m[0minfo[0m] [0m[0m[31m  false was not true (Lab1Test.scala:136)[0m[0m
